[ 2021-05-08T08:05:25+08:00 ] 127.0.0.1 /xiaoxiaoran/bfcc/xiaoxiaoran6/thinkphp/index.php/Admin/Books/shanchu
INFO: [ app_init ] --START--
INFO: Run Behavior\BuildLiteBehavior [ RunTime:0.000053s ]
INFO: [ app_init ] --END-- [ RunTime:0.001873s ]
INFO: [ app_begin ] --START--
INFO: Run Behavior\ReadHtmlCacheBehavior [ RunTime:0.003137s ]
INFO: [ app_begin ] --END-- [ RunTime:0.003334s ]
SQL: SHOW COLUMNS FROM `books` [ RunTime:0.0140s ]
SQL: DELETE FROM `books` WHERE `bId` = 47 [ RunTime:0.0004s ]
INFO: [ app_end ] --START--
INFO: Run Behavior\ShowPageTraceBehavior [ RunTime:0.003125s ]
INFO: [ app_end ] --END-- [ RunTime:0.003298s ]

[ 2021-05-08T08:05:33+08:00 ] 127.0.0.1 /xiaoxiaoran/bfcc/xiaoxiaoran6/thinkphp/index.php/Admin/Books/shanchu
INFO: [ app_init ] --START--
INFO: Run Behavior\BuildLiteBehavior [ RunTime:0.000058s ]
INFO: [ app_init ] --END-- [ RunTime:0.004214s ]
INFO: [ app_begin ] --START--
INFO: Run Behavior\ReadHtmlCacheBehavior [ RunTime:0.003556s ]
INFO: [ app_begin ] --END-- [ RunTime:0.003866s ]
SQL: SHOW COLUMNS FROM `books` [ RunTime:0.0140s ]
SQL: DELETE FROM `books` WHERE `bId` = 47 [ RunTime:0.0005s ]
INFO: [ app_end ] --START--
INFO: Run Behavior\ShowPageTraceBehavior [ RunTime:0.005188s ]
INFO: [ app_end ] --END-- [ RunTime:0.005368s ]

