[ 2021-05-07T16:20:25+08:00 ] 127.0.0.1 /xiaoxiaoran/bfcc/xiaoxiaoran6/thinkphp/index.php/Admin/Books/shilihua
INFO: [ app_init ] --START--
INFO: Run Behavior\BuildLiteBehavior [ RunTime:0.000052s ]
INFO: [ app_init ] --END-- [ RunTime:0.001879s ]
INFO: [ app_begin ] --START--
INFO: Run Behavior\ReadHtmlCacheBehavior [ RunTime:0.002817s ]
INFO: [ app_begin ] --END-- [ RunTime:0.002985s ]
SQL: SHOW COLUMNS FROM `books` [ RunTime:0.0118s ]
INFO: [ app_end ] --START--
INFO: Run Behavior\ShowPageTraceBehavior [ RunTime:0.003777s ]
INFO: [ app_end ] --END-- [ RunTime:0.004023s ]

[ 2021-05-07T16:28:14+08:00 ] 127.0.0.1 /xiaoxiaoran/bfcc/xiaoxiaoran6/thinkphp/index.php/Admin/Books/shilihua
INFO: [ app_init ] --START--
INFO: Run Behavior\BuildLiteBehavior [ RunTime:0.000036s ]
INFO: [ app_init ] --END-- [ RunTime:0.001845s ]
INFO: [ app_begin ] --START--
INFO: Run Behavior\ReadHtmlCacheBehavior [ RunTime:0.002767s ]
INFO: [ app_begin ] --END-- [ RunTime:0.002953s ]
SQL: SHOW COLUMNS FROM `books` [ RunTime:0.0160s ]
INFO: [ app_end ] --START--
INFO: Run Behavior\ShowPageTraceBehavior [ RunTime:0.003700s ]
INFO: [ app_end ] --END-- [ RunTime:0.003901s ]

[ 2021-05-07T16:31:22+08:00 ] 127.0.0.1 /xiaoxiaoran/bfcc/xiaoxiaoran6/thinkphp/index.php/Admin/Books/shilihua
INFO: [ app_init ] --START--
INFO: Run Behavior\BuildLiteBehavior [ RunTime:0.000049s ]
INFO: [ app_init ] --END-- [ RunTime:0.001917s ]
INFO: [ app_begin ] --START--
INFO: Run Behavior\ReadHtmlCacheBehavior [ RunTime:0.003515s ]
INFO: [ app_begin ] --END-- [ RunTime:0.003737s ]
INFO: [ app_end ] --START--
INFO: Run Behavior\ShowPageTraceBehavior [ RunTime:0.004142s ]
INFO: [ app_end ] --END-- [ RunTime:0.004521s ]

[ 2021-05-07T21:54:05+08:00 ] 127.0.0.1 /xiaoxiaoran/bfcc/xiaoxiaoran6/thinkphp/index.php/Admin/Books/shilihua
INFO: [ app_init ] --START--
INFO: Run Behavior\BuildLiteBehavior [ RunTime:0.000060s ]
INFO: [ app_init ] --END-- [ RunTime:0.001911s ]
INFO: [ app_begin ] --START--
INFO: Run Behavior\ReadHtmlCacheBehavior [ RunTime:0.003535s ]
INFO: [ app_begin ] --END-- [ RunTime:0.003812s ]
SQL: SHOW COLUMNS FROM `books` [ RunTime:0.0123s ]
INFO: [ app_end ] --START--
INFO: Run Behavior\ShowPageTraceBehavior [ RunTime:0.003292s ]
INFO: [ app_end ] --END-- [ RunTime:0.003503s ]

[ 2021-05-07T22:02:32+08:00 ] 127.0.0.1 /xiaoxiaoran/bfcc/xiaoxiaoran6/thinkphp/index.php/Admin/Books/tianjia
INFO: [ app_init ] --START--
INFO: Run Behavior\BuildLiteBehavior [ RunTime:0.000065s ]
INFO: [ app_init ] --END-- [ RunTime:0.002140s ]
INFO: [ app_begin ] --START--
INFO: Run Behavior\ReadHtmlCacheBehavior [ RunTime:0.002789s ]
INFO: [ app_begin ] --END-- [ RunTime:0.002931s ]
SQL: SHOW COLUMNS FROM `books` [ RunTime:0.0105s ]
SQL: INSERT INTO `books` (`bName`,`bTypeId`,`publishing`,`price`,`pubDate`,`author`,`ISBN`) VALUES ('xiao','6','xiaoxiaoran','33','2010-02-22','xiu','34434') [ RunTime:0.0072s ]
INFO: [ app_end ] --START--
INFO: Run Behavior\ShowPageTraceBehavior [ RunTime:0.003248s ]
INFO: [ app_end ] --END-- [ RunTime:0.003391s ]

[ 2021-05-07T22:10:14+08:00 ] 127.0.0.1 /xiaoxiaoran/bfcc/xiaoxiaoran6/thinkphp/index.php/Admin/Books/tianjia
INFO: [ app_init ] --START--
INFO: Run Behavior\BuildLiteBehavior [ RunTime:0.000051s ]
INFO: [ app_init ] --END-- [ RunTime:0.001667s ]
INFO: [ app_begin ] --START--
INFO: Run Behavior\ReadHtmlCacheBehavior [ RunTime:0.002376s ]
INFO: [ app_begin ] --END-- [ RunTime:0.002526s ]
SQL: SHOW COLUMNS FROM `books` [ RunTime:0.0122s ]
SQL: INSERT INTO `books` (`bName`,`bTypeId`,`publishing`,`price`,`pubDate`,`author`,`ISBN`) VALUES ('xiao','6','xiaoxiaoran','33','2010-02-22','xiu','34434'),('xiao1','61','xiaoxiaoran1','313','2010-02-22','xiu1','344314') [ RunTime:0.0024s ]
INFO: [ app_end ] --START--
INFO: Run Behavior\ShowPageTraceBehavior [ RunTime:0.002768s ]
INFO: [ app_end ] --END-- [ RunTime:0.002915s ]

[ 2021-05-07T22:21:50+08:00 ] 127.0.0.1 /xiaoxiaoran/bfcc/xiaoxiaoran6/thinkphp/index.php/Admin/Books/xiugai
INFO: [ app_init ] --START--
INFO: Run Behavior\BuildLiteBehavior [ RunTime:0.000083s ]
INFO: [ app_init ] --END-- [ RunTime:0.002141s ]
INFO: [ app_begin ] --START--
INFO: Run Behavior\ReadHtmlCacheBehavior [ RunTime:0.002182s ]
INFO: [ app_begin ] --END-- [ RunTime:0.002320s ]
SQL: SHOW COLUMNS FROM `books` [ RunTime:0.0094s ]
SQL: UPDATE `books` SET `publishing`='xiaoxiaoran6666',`price`='315553' WHERE `bId` = 45 [ RunTime:0.0023s ]
INFO: [ app_end ] --START--
INFO: Run Behavior\ShowPageTraceBehavior [ RunTime:0.002891s ]
INFO: [ app_end ] --END-- [ RunTime:0.003036s ]

[ 2021-05-07T22:32:07+08:00 ] 127.0.0.1 /xiaoxiaoran/bfcc/xiaoxiaoran6/thinkphp/index.php/Admin/Books/xiugai
INFO: [ app_init ] --START--
INFO: Run Behavior\BuildLiteBehavior [ RunTime:0.000057s ]
INFO: [ app_init ] --END-- [ RunTime:0.002940s ]
INFO: [ app_begin ] --START--
INFO: Run Behavior\ReadHtmlCacheBehavior [ RunTime:0.002307s ]
INFO: [ app_begin ] --END-- [ RunTime:0.002439s ]
SQL: SHOW COLUMNS FROM `books` [ RunTime:0.0124s ]
SQL: UPDATE `books` SET `publishing`='xiaoxiaoran6666',`price`='315553' WHERE `bId` = 45 [ RunTime:0.0005s ]
INFO: [ app_end ] --START--
INFO: Run Behavior\ShowPageTraceBehavior [ RunTime:0.002692s ]
INFO: [ app_end ] --END-- [ RunTime:0.002847s ]

[ 2021-05-07T22:32:13+08:00 ] 127.0.0.1 /xiaoxiaoran/bfcc/xiaoxiaoran6/thinkphp/index.php/Admin/Books/chaxun
INFO: [ app_init ] --START--
INFO: Run Behavior\BuildLiteBehavior [ RunTime:0.000035s ]
INFO: [ app_init ] --END-- [ RunTime:0.001477s ]
INFO: [ app_begin ] --START--
INFO: Run Behavior\ReadHtmlCacheBehavior [ RunTime:0.003432s ]
INFO: [ app_begin ] --END-- [ RunTime:0.003574s ]
SQL: SHOW COLUMNS FROM `books` [ RunTime:0.0103s ]
SQL: SELECT * FROM `books`  [ RunTime:0.0017s ]
INFO: [ app_end ] --START--
INFO: Run Behavior\ShowPageTraceBehavior [ RunTime:0.003452s ]
INFO: [ app_end ] --END-- [ RunTime:0.003654s ]

[ 2021-05-07T22:32:44+08:00 ] 127.0.0.1 /xiaoxiaoran/bfcc/xiaoxiaoran6/thinkphp/index.php/Admin/Books/chaxun
INFO: [ app_init ] --START--
INFO: Run Behavior\BuildLiteBehavior [ RunTime:0.000054s ]
INFO: [ app_init ] --END-- [ RunTime:0.001739s ]
INFO: [ app_begin ] --START--
INFO: Run Behavior\ReadHtmlCacheBehavior [ RunTime:0.002034s ]
INFO: [ app_begin ] --END-- [ RunTime:0.002220s ]
SQL: SHOW COLUMNS FROM `books` [ RunTime:0.0155s ]
SQL: SELECT * FROM `books` WHERE `bId` = 13  [ RunTime:0.0012s ]
INFO: [ app_end ] --START--
INFO: Run Behavior\ShowPageTraceBehavior [ RunTime:0.002979s ]
INFO: [ app_end ] --END-- [ RunTime:0.003182s ]

[ 2021-05-07T22:33:51+08:00 ] 127.0.0.1 /xiaoxiaoran/bfcc/xiaoxiaoran6/thinkphp/index.php/Admin/Books/chaxun
INFO: [ app_init ] --START--
INFO: Run Behavior\BuildLiteBehavior [ RunTime:0.000058s ]
INFO: [ app_init ] --END-- [ RunTime:0.002164s ]
INFO: [ app_begin ] --START--
INFO: Run Behavior\ReadHtmlCacheBehavior [ RunTime:0.004462s ]
INFO: [ app_begin ] --END-- [ RunTime:0.004669s ]
SQL: SHOW COLUMNS FROM `books` [ RunTime:0.0175s ]
SQL: SELECT * FROM `books` WHERE `bId` = 2  [ RunTime:0.0008s ]
SQL: SELECT * FROM `books` WHERE `bId` = 2  [ RunTime:0.0007s ]
INFO: [ app_end ] --START--
INFO: Run Behavior\ShowPageTraceBehavior [ RunTime:0.002384s ]
INFO: [ app_end ] --END-- [ RunTime:0.002572s ]

[ 2021-05-07T22:33:54+08:00 ] 127.0.0.1 /xiaoxiaoran/bfcc/xiaoxiaoran6/thinkphp/index.php/Admin/Books/chaxun
INFO: [ app_init ] --START--
INFO: Run Behavior\BuildLiteBehavior [ RunTime:0.000033s ]
INFO: [ app_init ] --END-- [ RunTime:0.001027s ]
INFO: [ app_begin ] --START--
INFO: Run Behavior\ReadHtmlCacheBehavior [ RunTime:0.001839s ]
INFO: [ app_begin ] --END-- [ RunTime:0.001979s ]
SQL: SHOW COLUMNS FROM `books` [ RunTime:0.0095s ]
SQL: SELECT * FROM `books` WHERE `bId` = 2  [ RunTime:0.0006s ]
SQL: SELECT * FROM `books` WHERE `bId` = 2  [ RunTime:0.0006s ]
INFO: [ app_end ] --START--
INFO: Run Behavior\ShowPageTraceBehavior [ RunTime:0.002241s ]
INFO: [ app_end ] --END-- [ RunTime:0.002424s ]

[ 2021-05-07T22:34:00+08:00 ] 127.0.0.1 /xiaoxiaoran/bfcc/xiaoxiaoran6/thinkphp/index.php/Admin/Books/chaxun
INFO: [ app_init ] --START--
INFO: Run Behavior\BuildLiteBehavior [ RunTime:0.000073s ]
INFO: [ app_init ] --END-- [ RunTime:0.003257s ]
INFO: [ app_begin ] --START--
INFO: Run Behavior\ReadHtmlCacheBehavior [ RunTime:0.007769s ]
INFO: [ app_begin ] --END-- [ RunTime:0.008033s ]
SQL: SHOW COLUMNS FROM `books` [ RunTime:0.0127s ]
SQL: SELECT * FROM `books` WHERE `bId` = 2  [ RunTime:0.0009s ]
INFO: [ app_end ] --START--
INFO: Run Behavior\ShowPageTraceBehavior [ RunTime:0.001981s ]
INFO: [ app_end ] --END-- [ RunTime:0.002135s ]

[ 2021-05-07T22:34:03+08:00 ] 127.0.0.1 /xiaoxiaoran/bfcc/xiaoxiaoran6/thinkphp/index.php/Admin/Books/chaxun
INFO: [ app_init ] --START--
INFO: Run Behavior\BuildLiteBehavior [ RunTime:0.000033s ]
INFO: [ app_init ] --END-- [ RunTime:0.001054s ]
INFO: [ app_begin ] --START--
INFO: Run Behavior\ReadHtmlCacheBehavior [ RunTime:0.001575s ]
INFO: [ app_begin ] --END-- [ RunTime:0.001711s ]
SQL: SHOW COLUMNS FROM `books` [ RunTime:0.0089s ]
SQL: SELECT * FROM `books` WHERE `bId` = 2  [ RunTime:0.0007s ]
INFO: [ app_end ] --START--
INFO: Run Behavior\ShowPageTraceBehavior [ RunTime:0.002767s ]
INFO: [ app_end ] --END-- [ RunTime:0.002887s ]

[ 2021-05-07T22:34:18+08:00 ] 127.0.0.1 /xiaoxiaoran/bfcc/xiaoxiaoran6/thinkphp/index.php/Admin/Books/chaxun
INFO: [ app_init ] --START--
INFO: Run Behavior\BuildLiteBehavior [ RunTime:0.000047s ]
INFO: [ app_init ] --END-- [ RunTime:0.001765s ]
INFO: [ app_begin ] --START--
INFO: Run Behavior\ReadHtmlCacheBehavior [ RunTime:0.031005s ]
INFO: [ app_begin ] --END-- [ RunTime:0.031222s ]
SQL: SHOW COLUMNS FROM `books` [ RunTime:0.0123s ]
SQL: SELECT * FROM `books` WHERE `bId` IN ('2','12')  [ RunTime:0.0016s ]
INFO: [ app_end ] --START--
INFO: Run Behavior\ShowPageTraceBehavior [ RunTime:0.003310s ]
INFO: [ app_end ] --END-- [ RunTime:0.003486s ]

[ 2021-05-07T22:34:59+08:00 ] 127.0.0.1 /xiaoxiaoran/bfcc/xiaoxiaoran6/thinkphp/index.php/Admin/Books/chaxun
INFO: [ app_init ] --START--
INFO: Run Behavior\BuildLiteBehavior [ RunTime:0.000050s ]
INFO: [ app_init ] --END-- [ RunTime:0.001892s ]
INFO: [ app_begin ] --START--
INFO: Run Behavior\ReadHtmlCacheBehavior [ RunTime:0.003573s ]
INFO: [ app_begin ] --END-- [ RunTime:0.003814s ]
SQL: SHOW COLUMNS FROM `books` [ RunTime:0.0144s ]
SQL: SELECT * FROM `books` LIMIT 1   [ RunTime:0.0008s ]
INFO: [ app_end ] --START--
INFO: Run Behavior\ShowPageTraceBehavior [ RunTime:0.003473s ]
INFO: [ app_end ] --END-- [ RunTime:0.003748s ]

[ 2021-05-07T22:35:34+08:00 ] 127.0.0.1 /xiaoxiaoran/bfcc/xiaoxiaoran6/thinkphp/index.php/Admin/Books/chaxun
INFO: [ app_init ] --START--
INFO: Run Behavior\BuildLiteBehavior [ RunTime:0.000055s ]
INFO: [ app_init ] --END-- [ RunTime:0.002534s ]
INFO: [ app_begin ] --START--
INFO: Run Behavior\ReadHtmlCacheBehavior [ RunTime:0.002091s ]
INFO: [ app_begin ] --END-- [ RunTime:0.002301s ]
SQL: SHOW COLUMNS FROM `books` [ RunTime:0.0108s ]
SQL: SELECT * FROM `books`  [ RunTime:0.0015s ]
SQL: SELECT * FROM `books` WHERE `bId` = 13  [ RunTime:0.0007s ]
SQL: SELECT * FROM `books` WHERE `bId` IN ('2','12')  [ RunTime:0.0007s ]
SQL: SELECT * FROM `books` LIMIT 1   [ RunTime:0.0004s ]
SQL: SELECT * FROM `books` WHERE `bId` = 2 LIMIT 1   [ RunTime:0.0004s ]
INFO: [ app_end ] --START--
INFO: Run Behavior\ShowPageTraceBehavior [ RunTime:0.002239s ]
INFO: [ app_end ] --END-- [ RunTime:0.002386s ]

[ 2021-05-07T22:42:11+08:00 ] 127.0.0.1 /xiaoxiaoran/bfcc/xiaoxiaoran6/thinkphp/index.php/Admin/Books/shanchu
INFO: [ app_init ] --START--
INFO: Run Behavior\BuildLiteBehavior [ RunTime:0.000035s ]
INFO: [ app_init ] --END-- [ RunTime:0.001508s ]
INFO: [ app_begin ] --START--
INFO: Run Behavior\ReadHtmlCacheBehavior [ RunTime:0.002367s ]
INFO: [ app_begin ] --END-- [ RunTime:0.002503s ]
SQL: SHOW COLUMNS FROM `books` [ RunTime:0.0106s ]
SQL: DELETE FROM `books` WHERE `bId` = 47 [ RunTime:0.0006s ]
INFO: [ app_end ] --START--
INFO: Run Behavior\ShowPageTraceBehavior [ RunTime:0.003159s ]
INFO: [ app_end ] --END-- [ RunTime:0.003264s ]

